2025-04-04 08:37:29.304396 - Received CBT.V508.FILE369.PDS from FILE369.XMI 
2025-04-04 08:37:29.307373 - Found $$$#DATE.txt (text/plain) in CBT.V508.FILE369.PDS, moved to PDS/$$$#DATE
2025-04-04 08:37:29.307521 - Found $$DOC.txt (text/plain) in CBT.V508.FILE369.PDS, moved to PDS/$$DOC
2025-04-04 08:37:29.307670 - Found $$DVICK.txt (text/plain) in CBT.V508.FILE369.PDS, moved to PDS/$$DVICK
2025-04-04 08:37:29.307805 - Found $$NWKDOC.txt (text/plain) in CBT.V508.FILE369.PDS, moved to PDS/$$NWKDOC
2025-04-04 08:37:29.307934 - Found @FILE369.txt (text/plain) in CBT.V508.FILE369.PDS, moved to PDS/@FILE369
2025-04-04 08:37:29.308056 - Found AC#VIOX.txt (text/plain) in CBT.V508.FILE369.PDS, moved to PDS/AC#VIOX
2025-04-04 08:37:29.308185 - Found ADAEX2.txt (text/plain) in CBT.V508.FILE369.PDS, moved to PDS/ADAEX2
2025-04-04 08:37:29.308325 - Found ASMTOZAP.txt (text/plain) in CBT.V508.FILE369.PDS, moved to PDS/ASMTOZAP
2025-04-04 08:37:29.308447 - Found AUTOIPL.txt (text/plain) in CBT.V508.FILE369.PDS, moved to PDS/AUTOIPL
2025-04-04 08:37:29.308569 - Found BITENCOD.txt (text/plain) in CBT.V508.FILE369.PDS, moved to PDS/BITENCOD
2025-04-04 08:37:29.308691 - Found CALENDAR.txt (text/plain) in CBT.V508.FILE369.PDS, moved to PDS/CALENDAR
2025-04-04 08:37:29.308821 - Found CALENJCL.jcl (text/plain) in CBT.V508.FILE369.PDS, moved to PDS/CALENJCL
2025-04-04 08:37:29.308935 - Found CLIB.txt (text/plain) in CBT.V508.FILE369.PDS, moved to PDS/CLIB
2025-04-04 08:37:29.309054 - Found COMMAND.txt (text/plain) in CBT.V508.FILE369.PDS, moved to PDS/COMMAND
2025-04-04 08:37:29.309182 - Found DOC$CHGS.txt (text/plain) in CBT.V508.FILE369.PDS, moved to PDS/DOC$CHGS
2025-04-04 08:37:29.309297 - Found DOPROG.txt (text/plain) in CBT.V508.FILE369.PDS, moved to PDS/DOPROG
2025-04-04 08:37:29.309414 - Found DSIEX04.txt (text/plain) in CBT.V508.FILE369.PDS, moved to PDS/DSIEX04
2025-04-04 08:37:29.309534 - Found DSNPOST.txt (text/plain) in CBT.V508.FILE369.PDS, moved to PDS/DSNPOST
2025-04-04 08:37:29.309670 - Found DSNWAIT.txt (text/plain) in CBT.V508.FILE369.PDS, moved to PDS/DSNWAIT
2025-04-04 08:37:29.309782 - Found DSPACE.txt (text/plain) in CBT.V508.FILE369.PDS, moved to PDS/DSPACE
2025-04-04 08:37:29.309906 - Found DSPACE@.txt (text/plain) in CBT.V508.FILE369.PDS, moved to PDS/DSPACE@
2025-04-04 08:37:29.310030 - Found DSPACEH.txt (text/plain) in CBT.V508.FILE369.PDS, moved to PDS/DSPACEH
2025-04-04 08:37:29.310144 - Found DSPACEOL.txt (text/plain) in CBT.V508.FILE369.PDS, moved to PDS/DSPACEOL
2025-04-04 08:37:29.310265 - Found ENQWAIT.txt (text/plain) in CBT.V508.FILE369.PDS, moved to PDS/ENQWAIT
2025-04-04 08:37:29.310401 - Found FDSPACE.txt (text/plain) in CBT.V508.FILE369.PDS, moved to PDS/FDSPACE
2025-04-04 08:37:29.310540 - Found FDSPACEP.txt (text/plain) in CBT.V508.FILE369.PDS, moved to PDS/FDSPACEP
2025-04-04 08:37:29.310671 - Found FDS00.txt (text/plain) in CBT.V508.FILE369.PDS, moved to PDS/FDS00
2025-04-04 08:37:29.310792 - Found FSAS.txt (text/plain) in CBT.V508.FILE369.PDS, moved to PDS/FSAS
2025-04-04 08:37:29.310913 - Found FSASCMD.txt (text/plain) in CBT.V508.FILE369.PDS, moved to PDS/FSASCMD
2025-04-04 08:37:29.311032 - Found FSASDOC.txt (text/plain) in CBT.V508.FILE369.PDS, moved to PDS/FSASDOC
2025-04-04 08:37:29.311164 - Found FSASEMAC.txt (text/plain) in CBT.V508.FILE369.PDS, moved to PDS/FSASEMAC
2025-04-04 08:37:29.311280 - Found FSASP.txt (text/plain) in CBT.V508.FILE369.PDS, moved to PDS/FSASP
2025-04-04 08:37:29.311422 - Found FSAS00.txt (text/plain) in CBT.V508.FILE369.PDS, moved to PDS/FSAS00
2025-04-04 08:37:29.311545 - Found HEX.txt (text/plain) in CBT.V508.FILE369.PDS, moved to PDS/HEX
2025-04-04 08:37:29.311680 - Found IEFACTRT.txt (text/plain) in CBT.V508.FILE369.PDS, moved to PDS/IEFACTRT
2025-04-04 08:37:29.311795 - Found IEFUSI.txt (text/plain) in CBT.V508.FILE369.PDS, moved to PDS/IEFUSI
2025-04-04 08:37:29.312120 - Found IGC0022F.txt (text/plain) in CBT.V508.FILE369.PDS, moved to PDS/IGC0022F
2025-04-04 08:37:29.312301 - Found IKJEFF10.txt (text/plain) in CBT.V508.FILE369.PDS, moved to PDS/IKJEFF10
2025-04-04 08:37:29.312457 - Found IKJEFF53.txt (text/plain) in CBT.V508.FILE369.PDS, moved to PDS/IKJEFF53
2025-04-04 08:37:29.312598 - Found INITL.txt (text/plain) in CBT.V508.FILE369.PDS, moved to PDS/INITL
2025-04-04 08:37:29.312723 - Found ISFUSER.txt (text/plain) in CBT.V508.FILE369.PDS, moved to PDS/ISFUSER
2025-04-04 08:37:29.312859 - Found ISPFPRTO.txt (text/plain) in CBT.V508.FILE369.PDS, moved to PDS/ISPFPRTO
2025-04-04 08:37:29.312994 - Found ISRBROBF.txt (text/plain) in CBT.V508.FILE369.PDS, moved to PDS/ISRBROBF
2025-04-04 08:37:29.313119 - Found ISREDDE.txt (text/plain) in CBT.V508.FILE369.PDS, moved to PDS/ISREDDE
2025-04-04 08:37:29.313236 - Found ISRPID.txt (text/plain) in CBT.V508.FILE369.PDS, moved to PDS/ISRPID
2025-04-04 08:37:29.313358 - Found ISRP22.txt (text/plain) in CBT.V508.FILE369.PDS, moved to PDS/ISRP22
2025-04-04 08:37:29.313492 - Found ISRUDLP.txt (text/plain) in CBT.V508.FILE369.PDS, moved to PDS/ISRUDLP
2025-04-04 08:37:29.313605 - Found ISRUOL.txt (text/plain) in CBT.V508.FILE369.PDS, moved to PDS/ISRUOL
2025-04-04 08:37:29.313730 - Found ISRUOLP.txt (text/plain) in CBT.V508.FILE369.PDS, moved to PDS/ISRUOLP
2025-04-04 08:37:29.313849 - Found ISTAUCAG.txt (text/plain) in CBT.V508.FILE369.PDS, moved to PDS/ISTAUCAG
2025-04-04 08:37:29.313977 - Found JESXIT9.txt (text/plain) in CBT.V508.FILE369.PDS, moved to PDS/JESXIT9
2025-04-04 08:37:29.314097 - Found LM00501.txt (text/plain) in CBT.V508.FILE369.PDS, moved to PDS/LM00501
2025-04-04 08:37:29.314211 - Found LM01603.txt (text/plain) in CBT.V508.FILE369.PDS, moved to PDS/LM01603
2025-04-04 08:37:29.314332 - Found LM023ASM.jcl (text/plain) in CBT.V508.FILE369.PDS, moved to PDS/LM023ASM
2025-04-04 08:37:29.314455 - Found LM023INS.txt (text/plain) in CBT.V508.FILE369.PDS, moved to PDS/LM023INS
2025-04-04 08:37:29.314573 - Found LM023LNK.txt (text/plain) in CBT.V508.FILE369.PDS, moved to PDS/LM023LNK
2025-04-04 08:37:29.314688 - Found LM023ZAP.txt (text/plain) in CBT.V508.FILE369.PDS, moved to PDS/LM023ZAP
2025-04-04 08:37:29.314801 - Found LM02301A.txt (text/plain) in CBT.V508.FILE369.PDS, moved to PDS/LM02301A
2025-04-04 08:37:29.314918 - Found LM02702.txt (text/plain) in CBT.V508.FILE369.PDS, moved to PDS/LM02702
2025-04-04 08:37:29.315028 - Found LM02802.txt (text/plain) in CBT.V508.FILE369.PDS, moved to PDS/LM02802
2025-04-04 08:37:29.315146 - Found LM04202.txt (text/plain) in CBT.V508.FILE369.PDS, moved to PDS/LM04202
2025-04-04 08:37:29.315262 - Found LOCUTIL.txt (text/plain) in CBT.V508.FILE369.PDS, moved to PDS/LOCUTIL
2025-04-04 08:37:29.315373 - Found NONDESC.txt (text/plain) in CBT.V508.FILE369.PDS, moved to PDS/NONDESC
2025-04-04 08:37:29.315489 - Found PRCJFCB.txt (text/plain) in CBT.V508.FILE369.PDS, moved to PDS/PRCJFCB
2025-04-04 08:37:29.315609 - Found PRCSMFDR.txt (text/plain) in CBT.V508.FILE369.PDS, moved to PDS/PRCSMFDR
2025-04-04 08:37:29.315732 - Found PRC38DSN.txt (text/plain) in CBT.V508.FILE369.PDS, moved to PDS/PRC38DSN
2025-04-04 08:37:29.315870 - Found PRIME.txt (text/plain) in CBT.V508.FILE369.PDS, moved to PDS/PRIME
2025-04-04 08:37:29.316006 - Found PRINTOFF.txt (text/plain) in CBT.V508.FILE369.PDS, moved to PDS/PRINTOFF
2025-04-04 08:37:29.316128 - Found PRINTSEP.txt (text/plain) in CBT.V508.FILE369.PDS, moved to PDS/PRINTSEP
2025-04-04 08:37:29.316242 - Found RECEIVED.txt (text/plain) in CBT.V508.FILE369.PDS, moved to PDS/RECEIVED
2025-04-04 08:37:29.316360 - Found REGS.txt (text/plain) in CBT.V508.FILE369.PDS, moved to PDS/REGS
2025-04-04 08:37:29.316471 - Found REPLYTO.txt (text/plain) in CBT.V508.FILE369.PDS, moved to PDS/REPLYTO
2025-04-04 08:37:29.316582 - Found REPLYTOO.txt (text/plain) in CBT.V508.FILE369.PDS, moved to PDS/REPLYTOO
2025-04-04 08:37:29.316710 - Found SD.txt (text/plain) in CBT.V508.FILE369.PDS, moved to PDS/SD
2025-04-04 08:37:29.316842 - Found SELMEMBR.txt (text/plain) in CBT.V508.FILE369.PDS, moved to PDS/SELMEMBR
2025-04-04 08:37:29.316958 - Found SELMEMP1.txt (text/plain) in CBT.V508.FILE369.PDS, moved to PDS/SELMEMP1
2025-04-04 08:37:29.317070 - Found SID.txt (text/plain) in CBT.V508.FILE369.PDS, moved to PDS/SID
2025-04-04 08:37:29.317193 - Found SITEID.txt (text/plain) in CBT.V508.FILE369.PDS, moved to PDS/SITEID
2025-04-04 08:37:29.317303 - Found SMF240.txt (text/plain) in CBT.V508.FILE369.PDS, moved to PDS/SMF240
2025-04-04 08:37:29.317423 - Found SPY.txt (text/plain) in CBT.V508.FILE369.PDS, moved to PDS/SPY
2025-04-04 08:37:29.317535 - Found SRCDOC.txt (text/plain) in CBT.V508.FILE369.PDS, moved to PDS/SRCDOC
2025-04-04 08:37:29.317662 - Found SUBAUTHX.txt (text/plain) in CBT.V508.FILE369.PDS, moved to PDS/SUBAUTHX
2025-04-04 08:37:29.317782 - Found TCAMFIX.txt (text/plain) in CBT.V508.FILE369.PDS, moved to PDS/TCAMFIX
2025-04-04 08:37:29.317907 - Found TERME.txt (text/plain) in CBT.V508.FILE369.PDS, moved to PDS/TERME
2025-04-04 08:37:29.318025 - Found TLBLABEL.txt (text/plain) in CBT.V508.FILE369.PDS, moved to PDS/TLBLABEL
2025-04-04 08:37:29.318143 - Found TLBLCVT.txt (text/plain) in CBT.V508.FILE369.PDS, moved to PDS/TLBLCVT
2025-04-04 08:37:29.318263 - Found TLBLMAIN.txt (text/plain) in CBT.V508.FILE369.PDS, moved to PDS/TLBLMAIN
2025-04-04 08:37:29.318373 - Found TLBLMXIT.txt (text/plain) in CBT.V508.FILE369.PDS, moved to PDS/TLBLMXIT
2025-04-04 08:37:29.318482 - Found WAIT.txt (text/plain) in CBT.V508.FILE369.PDS, moved to PDS/WAIT
2025-04-04 08:37:29.318589 - Found WTO.txt (text/plain) in CBT.V508.FILE369.PDS, moved to PDS/WTO
2025-04-04 08:37:29.318709 - Found WTONR.txt (text/plain) in CBT.V508.FILE369.PDS, moved to PDS/WTONR
